ldTest run started
ldTest org.scalajs.junit.ExceptionAfterAssume.assumeFail started
leTest org.scalajs.junit.ExceptionAfterAssume.assumeFail failed: org.junit.internal.AssumptionViolatedException: This assume should not pass, took <TIME>
e2org.scalajs.junit.ExceptionAfterAssume.assumeFail
leTest org.scalajs.junit.ExceptionAfterAssume.assumeFail failed: java.lang.IllegalArgumentException: after() must be called, took <TIME>
ldTest org.scalajs.junit.ExceptionAfterAssume.assumeFail finished, took <TIME>
ldTest run finished: 2 failed, 0 ignored, 1 total, <TIME>
d
